mode: set
github.com/f-amaral/go-async/pool/jobpool.go:20.39,22.2 1 1
github.com/f-amaral/go-async/pool/jobpool.go:26.109,29.31 2 1
github.com/f-amaral/go-async/pool/jobpool.go:29.31,30.13 1 1
github.com/f-amaral/go-async/pool/jobpool.go:30.13,31.29 1 1
github.com/f-amaral/go-async/pool/jobpool.go:31.29,39.5 2 1
github.com/f-amaral/go-async/pool/jobpool.go:43.2,47.30 2 1
github.com/f-amaral/go-async/pool/jobpool.go:47.30,49.3 1 1
github.com/f-amaral/go-async/pool/jobpool.go:50.2,50.10 1 1
github.com/f-amaral/go-async/pool/jobpool.go:53.53,54.32 1 1
github.com/f-amaral/go-async/pool/jobpool.go:54.32,56.3 1 1
github.com/f-amaral/go-async/pool/jobpool.go:59.65,61.44 2 1
github.com/f-amaral/go-async/pool/jobpool.go:61.44,67.3 1 1
github.com/f-amaral/go-async/pool/jobpool.go:69.2,69.15 1 1
github.com/f-amaral/go-async/pool/jobpool.go:69.15,71.3 1 1
github.com/f-amaral/go-async/pool/jobpool.go:73.2,78.19 2 1
github.com/f-amaral/go-async/pool/jobpool.go:78.19,80.24 2 1
github.com/f-amaral/go-async/pool/jobpool.go:80.24,82.4 1 1
github.com/f-amaral/go-async/pool/jobpool.go:83.3,83.50 1 1
github.com/f-amaral/go-async/pool/jobpool.go:86.2,86.12 1 1
github.com/f-amaral/go-async/pool/jobpool.go:86.12,88.3 1 1
github.com/f-amaral/go-async/pool/jobpool.go:90.2,90.15 1 1
github.com/f-amaral/go-async/pool/jobpool.go:94.33,96.2 1 1
github.com/f-amaral/go-async/sort/sort.go:7.37,8.18 1 1
github.com/f-amaral/go-async/sort/sort.go:8.18,10.3 1 1
github.com/f-amaral/go-async/sort/sort.go:12.2,18.45 5 1
github.com/f-amaral/go-async/sort/sort.go:21.48,26.31 4 1
github.com/f-amaral/go-async/sort/sort.go:26.31,27.40 1 1
github.com/f-amaral/go-async/sort/sort.go:27.40,30.4 2 1
github.com/f-amaral/go-async/sort/sort.go:30.9,33.4 2 1
github.com/f-amaral/go-async/sort/sort.go:36.2,36.24 1 1
github.com/f-amaral/go-async/sort/sort.go:36.24,38.3 1 1
github.com/f-amaral/go-async/sort/sort.go:40.2,40.24 1 1
github.com/f-amaral/go-async/sort/sort.go:40.24,42.3 1 1
github.com/f-amaral/go-async/sort/sort.go:44.2,44.15 1 1
github.com/f-amaral/go-async/async/processor.go:19.35,21.2 1 1
github.com/f-amaral/go-async/async/processor.go:30.52,31.16 1 1
github.com/f-amaral/go-async/async/processor.go:31.16,32.31 1 1
github.com/f-amaral/go-async/async/processor.go:32.31,33.20 1 1
github.com/f-amaral/go-async/async/processor.go:33.20,35.5 1 1
github.com/f-amaral/go-async/async/processor.go:38.2,38.13 1 1
github.com/f-amaral/go-async/async/processor.go:41.32,43.2 1 1
